{"level":"info","fileLogging":true,"jsonLogOutput":true,"logDirectory":"/home/amirvalhalla/codes/opensource/pactus/sync/firewall/logs","fileName":"/home/amirvalhalla/codes/opensource/pactus/sync/firewall/logs/pactus.log","maxSizeMB":100,"time":"2023-09-06T10:25:11+03:30","message":"logging configured"}
{"level":"warn","err":"invalid message: invalid message: cbor: cannot unmarshal UTF-8 text string into Go value of type bundle._Bundle","time":"2023-09-06T10:25:11+03:30","message":"firewall: unable to open a gossip bundle"}
{"level":"warn","err":"invalid message: invalid message: EOF","time":"2023-09-06T10:25:11+03:30","message":"firewall: unable to open a gossip bundle"}
{"level":"warn","err":"invalid message: invalid round","time":"2023-09-06T10:25:11+03:30","message":"firewall: unable to open a gossip bundle"}
{"level":"warn","err":"invalid message: source is not same as initiator. source: QmcEAYwUfpYyp6t1jnRvk6pWwTP1rjUSZfgKogCexNCP2q, initiator: QmRAkDQr3PNhjWraJs9fmYc5VnoovzMNFSrDPDSoj1kGT5","time":"2023-09-06T10:25:11+03:30","message":"firewall: unable to open a gossip bundle"}
{"level":"info","fileLogging":true,"jsonLogOutput":true,"logDirectory":"/home/amirvalhalla/codes/opensource/pactus/sync/firewall/logs","fileName":"/home/amirvalhalla/codes/opensource/pactus/sync/firewall/logs/pactus.log","maxSizeMB":100,"time":"2023-09-06T10:25:11+03:30","message":"logging configured"}
{"level":"info","fileLogging":true,"jsonLogOutput":true,"logDirectory":"/home/amirvalhalla/codes/opensource/pactus/sync/firewall/logs","fileName":"/home/amirvalhalla/codes/opensource/pactus/sync/firewall/logs/pactus.log","maxSizeMB":100,"time":"2023-09-06T10:25:11+03:30","message":"logging configured"}
{"level":"warn","from":"Qmdyv2kRXY2KvxrDwHebk53g1d6f4z3XGsz1ZisMYDvsMV","time":"2023-09-06T10:25:11+03:30","message":"firewall: from peer banned"}
{"level":"info","fileLogging":true,"jsonLogOutput":true,"logDirectory":"/home/amirvalhalla/codes/opensource/pactus/sync/firewall/logs","fileName":"/home/amirvalhalla/codes/opensource/pactus/sync/firewall/logs/pactus.log","maxSizeMB":100,"time":"2023-09-06T10:25:11+03:30","message":"logging configured"}
{"level":"warn","err":"invalid message: source peer is banned: QmYpmJaw3rMPRXkGWsG8Egx2hPcW9xTGiRpXQ7y89ok4Wp","time":"2023-09-06T10:25:11+03:30","message":"firewall: unable to open a gossip bundle"}
{"level":"info","fileLogging":true,"jsonLogOutput":true,"logDirectory":"/home/amirvalhalla/codes/opensource/pactus/sync/firewall/logs","fileName":"/home/amirvalhalla/codes/opensource/pactus/sync/firewall/logs/pactus.log","maxSizeMB":100,"time":"2023-09-06T10:25:11+03:30","message":"logging configured"}
{"level":"warn","err":"invalid message: source is not same as initiator. source: QmUma4weeMvSrwQEjtMT5VQxFJtVDRa3CDTEawLdev2aj3, initiator: QmQ3mCfLdDMqGk3ZRRVcF8m2dqLC9aVDzwnUGZokQnZsfQ","time":"2023-09-06T10:25:11+03:30","message":"firewall: unable to open a gossip bundle"}
{"level":"info","fileLogging":true,"jsonLogOutput":true,"logDirectory":"/home/amirvalhalla/codes/opensource/pactus/sync/firewall/logs","fileName":"/home/amirvalhalla/codes/opensource/pactus/sync/firewall/logs/pactus.log","maxSizeMB":100,"time":"2023-09-06T10:25:11+03:30","message":"logging configured"}
{"level":"info","fileLogging":true,"jsonLogOutput":true,"logDirectory":"/home/amirvalhalla/codes/opensource/pactus/sync/firewall/logs","fileName":"/home/amirvalhalla/codes/opensource/pactus/sync/firewall/logs/pactus.log","maxSizeMB":100,"time":"2023-09-06T10:25:11+03:30","message":"logging configured"}
{"level":"warn","err":"invalid message: source peer is banned: QmTbNXYhFRrL8eUuyvxKpoAAzi46Vpb6HEGvpW4UDsBRSW","time":"2023-09-06T10:25:11+03:30","message":"firewall: unable to open a stream bundle"}
{"level":"info","fileLogging":true,"jsonLogOutput":true,"logDirectory":"/home/amirvalhalla/codes/opensource/pactus/sync/firewall/logs","fileName":"/home/amirvalhalla/codes/opensource/pactus/sync/firewall/logs/pactus.log","maxSizeMB":100,"time":"2023-09-06T10:25:11+03:30","message":"logging configured"}
{"level":"info","fileLogging":true,"jsonLogOutput":true,"logDirectory":"/home/amirvalhalla/codes/opensource/pactus/sync/firewall/logs","fileName":"/home/amirvalhalla/codes/opensource/pactus/sync/firewall/logs/pactus.log","maxSizeMB":100,"time":"2023-09-06T10:25:11+03:30","message":"logging configured"}
{"level":"warn","err":"invalid message: invalid round","time":"2023-09-06T10:25:11+03:30","message":"firewall: unable to open a gossip bundle"}
{"level":"info","fileLogging":true,"jsonLogOutput":true,"logDirectory":"/home/amirvalhalla/codes/opensource/pactus/sync/firewall/logs","fileName":"/home/amirvalhalla/codes/opensource/pactus/sync/firewall/logs/pactus.log","maxSizeMB":100,"time":"2023-09-06T10:25:11+03:30","message":"logging configured"}
{"level":"warn","err":"invalid message: source is not same as initiator. source: QmUJTS9ruJK3hJRiXMLCzLmNYy4Z4Prr9H9t4u3h6iR5y1, initiator: QmStKrVEDoUHEMKwqEjXTRNeE5hRHdx91Pfoe9ALHMn6mC","time":"2023-09-06T10:25:11+03:30","message":"firewall: unable to open a gossip bundle"}
{"level":"info","fileLogging":true,"jsonLogOutput":true,"logDirectory":"/home/amirvalhalla/codes/opensource/pactus/sync/firewall/logs","fileName":"/home/amirvalhalla/codes/opensource/pactus/sync/firewall/logs/pactus.log","maxSizeMB":100,"time":"2023-09-06T10:25:11+03:30","message":"logging configured"}
